<?xml version="1.0" encoding="UTF-8"?>
<coverage generated="1544100696010" clover="3.2.0">
  <project timestamp="1544100696010" name="All files">
    <metrics statements="70" coveredstatements="68" conditionals="24" coveredconditionals="14" methods="30" coveredmethods="29" elements="124" coveredelements="111" complexity="0" loc="70" ncloc="70" packages="1" files="5" classes="5">
      <file name="calcHandler.js" path="/Users/zivp/WebstormProjects/Calc/src/calcHandler.js">
        <metrics statements="2" coveredstatements="2" conditionals="8" coveredconditionals="6" methods="3" coveredmethods="3"/>
        <line num="1" count="27" type="cond" truecount="6" falsecount="2"/>
        <line num="2" count="3" type="stmt"/>
      </file>
      <file name="calculatorInitializer.js" path="/Users/zivp/WebstormProjects/Calc/src/calculatorInitializer.js">
        <metrics statements="51" coveredstatements="51" conditionals="8" coveredconditionals="5" methods="19" coveredmethods="19"/>
        <line num="1" count="8" type="cond" truecount="5" falsecount="3"/>
        <line num="4" count="1" type="stmt"/>
        <line num="6" count="1" type="stmt"/>
        <line num="7" count="1" type="stmt"/>
        <line num="8" count="1" type="stmt"/>
        <line num="9" count="3" type="stmt"/>
        <line num="11" count="1" type="stmt"/>
        <line num="14" count="1" type="stmt"/>
        <line num="15" count="1" type="stmt"/>
        <line num="19" count="1" type="stmt"/>
        <line num="20" count="1" type="stmt"/>
        <line num="22" count="1" type="stmt"/>
        <line num="23" count="1" type="stmt"/>
        <line num="24" count="1" type="stmt"/>
        <line num="25" count="1" type="stmt"/>
        <line num="26" count="1" type="stmt"/>
        <line num="30" count="2" type="stmt"/>
        <line num="31" count="2" type="stmt"/>
        <line num="32" count="2" type="stmt"/>
        <line num="33" count="6" type="stmt"/>
        <line num="34" count="6" type="stmt"/>
        <line num="35" count="6" type="stmt"/>
        <line num="36" count="6" type="stmt"/>
        <line num="37" count="3" type="stmt"/>
        <line num="39" count="6" type="stmt"/>
        <line num="42" count="2" type="stmt"/>
        <line num="46" count="2" type="stmt"/>
        <line num="47" count="2" type="stmt"/>
        <line num="48" count="2" type="stmt"/>
        <line num="50" count="2" type="stmt"/>
        <line num="52" count="2" type="stmt"/>
        <line num="53" count="2" type="stmt"/>
        <line num="54" count="2" type="stmt"/>
        <line num="55" count="2" type="stmt"/>
        <line num="59" count="3" type="stmt"/>
        <line num="60" count="12" type="stmt"/>
        <line num="61" count="12" type="stmt"/>
        <line num="62" count="12" type="stmt"/>
        <line num="80" count="13" type="stmt"/>
        <line num="85" count="2" type="stmt"/>
        <line num="86" count="2" type="stmt"/>
        <line num="87" count="2" type="stmt"/>
        <line num="88" count="2" type="stmt"/>
        <line num="92" count="3" type="stmt"/>
        <line num="93" count="12" type="stmt"/>
        <line num="94" count="12" type="stmt"/>
        <line num="95" count="12" type="stmt"/>
        <line num="96" count="12" type="stmt"/>
        <line num="97" count="4" type="stmt"/>
        <line num="99" count="12" type="stmt"/>
        <line num="101" count="1" type="stmt"/>
      </file>
      <file name="constants.js" path="/Users/zivp/WebstormProjects/Calc/src/constants.js">
        <metrics statements="4" coveredstatements="4" conditionals="2" coveredconditionals="1" methods="5" coveredmethods="5"/>
        <line num="1" count="20" type="cond" truecount="1" falsecount="1"/>
        <line num="8" count="5" type="stmt"/>
        <line num="13" count="5" type="stmt"/>
        <line num="15" count="5" type="stmt"/>
      </file>
      <file name="index.js" path="/Users/zivp/WebstormProjects/Calc/src/index.js">
        <metrics statements="2" coveredstatements="0" conditionals="4" coveredconditionals="0" methods="1" coveredmethods="0"/>
        <line num="2" count="0" type="cond" truecount="0" falsecount="4"/>
        <line num="4" count="0" type="stmt"/>
      </file>
      <file name="staticMethods.js" path="/Users/zivp/WebstormProjects/Calc/src/staticMethods.js">
        <metrics statements="11" coveredstatements="11" conditionals="2" coveredconditionals="2" methods="2" coveredmethods="2"/>
        <line num="1" count="4" type="stmt"/>
        <line num="5" count="4" type="stmt"/>
        <line num="6" count="17" type="cond" truecount="2" falsecount="0"/>
        <line num="7" count="1" type="stmt"/>
        <line num="8" count="16" type="stmt"/>
        <line num="11" count="4" type="stmt"/>
        <line num="12" count="1" type="stmt"/>
        <line num="13" count="1" type="stmt"/>
        <line num="14" count="1" type="stmt"/>
        <line num="15" count="1" type="stmt"/>
        <line num="16" count="1" type="stmt"/>
      </file>
    </metrics>
  </project>
</coverage>
