{"/Users/zivp/WebstormProjects/Calc/src/calcHandler.js": {"path":"/Users/zivp/WebstormProjects/Calc/src/calcHandler.js","statementMap":{"0":{"start":{"line":1,"column":39},"end":{"line":1,"column":101}},"1":{"start":{"line":1,"column":120},"end":{"line":1,"column":649}},"2":{"start":{"line":1,"column":175},"end":{"line":1,"column":440}},"3":{"start":{"line":1,"column":232},"end":{"line":1,"column":240}},"4":{"start":{"line":1,"column":241},"end":{"line":1,"column":296}},"5":{"start":{"line":1,"column":296},"end":{"line":1,"column":327}},"6":{"start":{"line":1,"column":327},"end":{"line":1,"column":381}},"7":{"start":{"line":1,"column":354},"end":{"line":1,"column":381}},"8":{"start":{"line":1,"column":381},"end":{"line":1,"column":439}},"9":{"start":{"line":1,"column":441},"end":{"line":1,"column":646}},"10":{"start":{"line":1,"column":497},"end":{"line":1,"column":565}},"11":{"start":{"line":1,"column":513},"end":{"line":1,"column":565}},"12":{"start":{"line":1,"column":565},"end":{"line":1,"column":625}},"13":{"start":{"line":1,"column":582},"end":{"line":1,"column":625}},"14":{"start":{"line":1,"column":625},"end":{"line":1,"column":644}},"15":{"start":{"line":2,"column":265},"end":{"line":2,"column":287}},"16":{"start":{"line":2,"column":302},"end":{"line":2,"column":322}},"17":{"start":{"line":2,"column":336},"end":{"line":2,"column":355}}},"fnMap":{"0":{"name":"(anonymous_0)","decl":{"start":{"line":1,"column":120},"end":{"line":1,"column":121}},"loc":{"start":{"line":1,"column":132},"end":{"line":1,"column":647}},"line":1},"1":{"name":"defineProperties","decl":{"start":{"line":1,"column":142},"end":{"line":1,"column":158}},"loc":{"start":{"line":1,"column":174},"end":{"line":1,"column":441}},"line":1},"2":{"name":"(anonymous_2)","decl":{"start":{"line":1,"column":448},"end":{"line":1,"column":449}},"loc":{"start":{"line":1,"column":496},"end":{"line":1,"column":645}},"line":1}},"branchMap":{"0":{"loc":{"start":{"line":1,"column":265},"end":{"line":1,"column":295}},"type":"binary-expr","locations":[{"start":{"line":1,"column":265},"end":{"line":1,"column":286}},{"start":{"line":1,"column":290},"end":{"line":1,"column":295}}],"line":1},"1":{"loc":{"start":{"line":1,"column":327},"end":{"line":1,"column":381}},"type":"if","locations":[{"start":{"line":1,"column":327},"end":{"line":1,"column":381}},{"start":{"line":1,"column":327},"end":{"line":1,"column":381}}],"line":1},"2":{"loc":{"start":{"line":1,"column":497},"end":{"line":1,"column":565}},"type":"if","locations":[{"start":{"line":1,"column":497},"end":{"line":1,"column":565}},{"start":{"line":1,"column":497},"end":{"line":1,"column":565}}],"line":1},"3":{"loc":{"start":{"line":1,"column":565},"end":{"line":1,"column":625}},"type":"if","locations":[{"start":{"line":1,"column":565},"end":{"line":1,"column":625}},{"start":{"line":1,"column":565},"end":{"line":1,"column":625}}],"line":1}},"s":{"0":3,"1":3,"2":3,"3":27,"4":27,"5":27,"6":27,"7":24,"8":27,"9":3,"10":3,"11":3,"12":3,"13":0,"14":3,"15":3,"16":3,"17":3},"f":{"0":3,"1":3,"2":3},"b":{"0":[27,27],"1":[24,3],"2":[3,0],"3":[0,3]},"_coverageSchema":"332fd63041d2c1bcb487cc26dd0d5f7d97098a6c","hash":"cd7e8b10dc1f592ed7810dca184bb7d6c5887873"}
,"/Users/zivp/WebstormProjects/Calc/src/calculatorInitializer.js": {"path":"/Users/zivp/WebstormProjects/Calc/src/calculatorInitializer.js","statementMap":{"0":{"start":{"line":1,"column":39},"end":{"line":1,"column":101}},"1":{"start":{"line":1,"column":120},"end":{"line":1,"column":649}},"2":{"start":{"line":1,"column":175},"end":{"line":1,"column":440}},"3":{"start":{"line":1,"column":232},"end":{"line":1,"column":240}},"4":{"start":{"line":1,"column":241},"end":{"line":1,"column":296}},"5":{"start":{"line":1,"column":296},"end":{"line":1,"column":327}},"6":{"start":{"line":1,"column":327},"end":{"line":1,"column":381}},"7":{"start":{"line":1,"column":354},"end":{"line":1,"column":381}},"8":{"start":{"line":1,"column":381},"end":{"line":1,"column":439}},"9":{"start":{"line":1,"column":441},"end":{"line":1,"column":646}},"10":{"start":{"line":1,"column":497},"end":{"line":1,"column":565}},"11":{"start":{"line":1,"column":513},"end":{"line":1,"column":565}},"12":{"start":{"line":1,"column":565},"end":{"line":1,"column":625}},"13":{"start":{"line":1,"column":582},"end":{"line":1,"column":625}},"14":{"start":{"line":1,"column":625},"end":{"line":1,"column":644}},"15":{"start":{"line":4,"column":24},"end":{"line":101,"column":46}},"16":{"start":{"line":6,"column":110},"end":{"line":6,"column":155}},"17":{"start":{"line":7,"column":23},"end":{"line":7,"column":58}},"18":{"start":{"line":8,"column":8},"end":{"line":10,"column":11}},"19":{"start":{"line":9,"column":12},"end":{"line":9,"column":47}},"20":{"start":{"line":11,"column":5},"end":{"line":101,"column":14}},"21":{"start":{"line":14,"column":56},"end":{"line":14,"column":165}},"22":{"start":{"line":15,"column":12},"end":{"line":15,"column":61}},"23":{"start":{"line":19,"column":33},"end":{"line":19,"column":62}},"24":{"start":{"line":20,"column":12},"end":{"line":20,"column":65}},"25":{"start":{"line":22,"column":29},"end":{"line":22,"column":61}},"26":{"start":{"line":23,"column":28},"end":{"line":23,"column":59}},"27":{"start":{"line":24,"column":25},"end":{"line":24,"column":53}},"28":{"start":{"line":25,"column":12},"end":{"line":25,"column":136}},"29":{"start":{"line":26,"column":12},"end":{"line":26,"column":52}},"30":{"start":{"line":30,"column":29},"end":{"line":30,"column":58}},"31":{"start":{"line":31,"column":12},"end":{"line":31,"column":56}},"32":{"start":{"line":32,"column":12},"end":{"line":40,"column":15}},"33":{"start":{"line":33,"column":35},"end":{"line":33,"column":67}},"34":{"start":{"line":34,"column":16},"end":{"line":34,"column":163}},"35":{"start":{"line":35,"column":16},"end":{"line":35,"column":133}},"36":{"start":{"line":36,"column":16},"end":{"line":38,"column":18}},"37":{"start":{"line":37,"column":20},"end":{"line":37,"column":130}},"38":{"start":{"line":39,"column":16},"end":{"line":39,"column":53}},"39":{"start":{"line":42,"column":12},"end":{"line":42,"column":30}},"40":{"start":{"line":46,"column":31},"end":{"line":46,"column":62}},"41":{"start":{"line":47,"column":12},"end":{"line":47,"column":61}},"42":{"start":{"line":48,"column":12},"end":{"line":48,"column":58}},"43":{"start":{"line":50,"column":12},"end":{"line":50,"column":62}},"44":{"start":{"line":52,"column":28},"end":{"line":52,"column":57}},"45":{"start":{"line":53,"column":12},"end":{"line":53,"column":54}},"46":{"start":{"line":54,"column":12},"end":{"line":54,"column":48}},"47":{"start":{"line":55,"column":12},"end":{"line":55,"column":29}},"48":{"start":{"line":59,"column":12},"end":{"line":63,"column":13}},"49":{"start":{"line":60,"column":33},"end":{"line":60,"column":61}},"50":{"start":{"line":61,"column":16},"end":{"line":61,"column":142}},"51":{"start":{"line":62,"column":16},"end":{"line":62,"column":53}},"52":{"start":{"line":80,"column":47},"end":{"line":81,"column":13}},"53":{"start":{"line":85,"column":25},"end":{"line":85,"column":54}},"54":{"start":{"line":86,"column":12},"end":{"line":86,"column":48}},"55":{"start":{"line":87,"column":12},"end":{"line":87,"column":66}},"56":{"start":{"line":88,"column":12},"end":{"line":88,"column":26}},"57":{"start":{"line":92,"column":12},"end":{"line":100,"column":15}},"58":{"start":{"line":93,"column":31},"end":{"line":93,"column":63}},"59":{"start":{"line":94,"column":16},"end":{"line":94,"column":148}},"60":{"start":{"line":95,"column":16},"end":{"line":95,"column":132}},"61":{"start":{"line":96,"column":16},"end":{"line":98,"column":18}},"62":{"start":{"line":97,"column":20},"end":{"line":97,"column":130}},"63":{"start":{"line":99,"column":16},"end":{"line":99,"column":48}},"64":{"start":{"line":101,"column":14},"end":{"line":101,"column":43}}},"fnMap":{"0":{"name":"(anonymous_0)","decl":{"start":{"line":1,"column":120},"end":{"line":1,"column":121}},"loc":{"start":{"line":1,"column":132},"end":{"line":1,"column":647}},"line":1},"1":{"name":"defineProperties","decl":{"start":{"line":1,"column":142},"end":{"line":1,"column":158}},"loc":{"start":{"line":1,"column":174},"end":{"line":1,"column":441}},"line":1},"2":{"name":"(anonymous_2)","decl":{"start":{"line":1,"column":448},"end":{"line":1,"column":449}},"loc":{"start":{"line":1,"column":496},"end":{"line":1,"column":645}},"line":1},"3":{"name":"(anonymous_3)","decl":{"start":{"line":4,"column":24},"end":{"line":4,"column":25}},"loc":{"start":{"line":4,"column":36},"end":{"line":101,"column":44}},"line":4},"4":{"name":"CalculatorInitializer","decl":{"start":{"line":6,"column":39},"end":{"line":6,"column":60}},"loc":{"start":{"line":6,"column":66},"end":{"line":11,"column":5}},"line":6},"5":{"name":"(anonymous_5)","decl":{"start":{"line":8,"column":25},"end":{"line":8,"column":26}},"loc":{"start":{"line":8,"column":48},"end":{"line":10,"column":9}},"line":8},"6":{"name":"_initializeCalc","decl":{"start":{"line":11,"column":84},"end":{"line":11,"column":99}},"loc":{"start":{"line":13,"column":21},"end":{"line":16,"column":9}},"line":13},"7":{"name":"_createButtonsDiv","decl":{"start":{"line":16,"column":57},"end":{"line":16,"column":74}},"loc":{"start":{"line":18,"column":34},"end":{"line":27,"column":9}},"line":18},"8":{"name":"(anonymous_8)","decl":{"start":{"line":25,"column":52},"end":{"line":25,"column":53}},"loc":{"start":{"line":25,"column":93},"end":{"line":25,"column":134}},"line":25},"9":{"name":"_createActions","decl":{"start":{"line":27,"column":54},"end":{"line":27,"column":68}},"loc":{"start":{"line":29,"column":21},"end":{"line":43,"column":9}},"line":29},"10":{"name":"(anonymous_10)","decl":{"start":{"line":32,"column":110},"end":{"line":32,"column":111}},"loc":{"start":{"line":32,"column":125},"end":{"line":40,"column":13}},"line":32},"11":{"name":"(anonymous_11)","decl":{"start":{"line":36,"column":39},"end":{"line":36,"column":40}},"loc":{"start":{"line":36,"column":51},"end":{"line":38,"column":17}},"line":36},"12":{"name":"_createDigits","decl":{"start":{"line":43,"column":53},"end":{"line":43,"column":66}},"loc":{"start":{"line":45,"column":21},"end":{"line":56,"column":9}},"line":45},"13":{"name":"_createDigitTable","decl":{"start":{"line":56,"column":57},"end":{"line":56,"column":74}},"loc":{"start":{"line":58,"column":35},"end":{"line":64,"column":9}},"line":58},"14":{"name":"_createDigitTableRow","decl":{"start":{"line":64,"column":60},"end":{"line":64,"column":80}},"loc":{"start":{"line":66,"column":48},"end":{"line":82,"column":9}},"line":66},"15":{"name":"_createOps","decl":{"start":{"line":82,"column":50},"end":{"line":82,"column":60}},"loc":{"start":{"line":84,"column":21},"end":{"line":89,"column":9}},"line":84},"16":{"name":"_appendArithmeticOperations","decl":{"start":{"line":89,"column":67},"end":{"line":89,"column":94}},"loc":{"start":{"line":91,"column":32},"end":{"line":101,"column":9}},"line":91},"17":{"name":"(anonymous_17)","decl":{"start":{"line":92,"column":113},"end":{"line":92,"column":114}},"loc":{"start":{"line":92,"column":128},"end":{"line":100,"column":13}},"line":92},"18":{"name":"(anonymous_18)","decl":{"start":{"line":96,"column":35},"end":{"line":96,"column":36}},"loc":{"start":{"line":96,"column":47},"end":{"line":98,"column":17}},"line":96}},"branchMap":{"0":{"loc":{"start":{"line":1,"column":265},"end":{"line":1,"column":295}},"type":"binary-expr","locations":[{"start":{"line":1,"column":265},"end":{"line":1,"column":286}},{"start":{"line":1,"column":290},"end":{"line":1,"column":295}}],"line":1},"1":{"loc":{"start":{"line":1,"column":327},"end":{"line":1,"column":381}},"type":"if","locations":[{"start":{"line":1,"column":327},"end":{"line":1,"column":381}},{"start":{"line":1,"column":327},"end":{"line":1,"column":381}}],"line":1},"2":{"loc":{"start":{"line":1,"column":497},"end":{"line":1,"column":565}},"type":"if","locations":[{"start":{"line":1,"column":497},"end":{"line":1,"column":565}},{"start":{"line":1,"column":497},"end":{"line":1,"column":565}}],"line":1},"3":{"loc":{"start":{"line":1,"column":565},"end":{"line":1,"column":625}},"type":"if","locations":[{"start":{"line":1,"column":565},"end":{"line":1,"column":625}},{"start":{"line":1,"column":565},"end":{"line":1,"column":625}}],"line":1}},"s":{"0":1,"1":1,"2":1,"3":8,"4":8,"5":8,"6":8,"7":8,"8":8,"9":1,"10":1,"11":1,"12":1,"13":0,"14":1,"15":1,"16":1,"17":1,"18":1,"19":3,"20":1,"21":1,"22":1,"23":1,"24":1,"25":1,"26":1,"27":1,"28":1,"29":1,"30":2,"31":2,"32":2,"33":6,"34":6,"35":6,"36":6,"37":3,"38":6,"39":2,"40":2,"41":2,"42":2,"43":2,"44":2,"45":2,"46":2,"47":2,"48":3,"49":12,"50":12,"51":12,"52":13,"53":2,"54":2,"55":2,"56":2,"57":3,"58":12,"59":12,"60":12,"61":12,"62":4,"63":12,"64":1},"f":{"0":1,"1":1,"2":1,"3":1,"4":1,"5":3,"6":1,"7":1,"8":3,"9":2,"10":6,"11":3,"12":2,"13":3,"14":13,"15":2,"16":3,"17":12,"18":4},"b":{"0":[8,8],"1":[8,0],"2":[1,0],"3":[0,1]},"_coverageSchema":"332fd63041d2c1bcb487cc26dd0d5f7d97098a6c","hash":"15b3599e4b3bd376e0a95461c12673103edd3dab"}
,"/Users/zivp/WebstormProjects/Calc/src/constants.js": {"path":"/Users/zivp/WebstormProjects/Calc/src/constants.js","statementMap":{"0":{"start":{"line":1,"column":39},"end":{"line":1,"column":101}},"1":{"start":{"line":1,"column":160},"end":{"line":1,"column":307}},"2":{"start":{"line":1,"column":177},"end":{"line":1,"column":281}},"3":{"start":{"line":1,"column":289},"end":{"line":1,"column":306}},"4":{"start":{"line":1,"column":307},"end":{"line":1,"column":318}},"5":{"start":{"line":1,"column":366},"end":{"line":5,"column":15}},"6":{"start":{"line":8,"column":44},"end":{"line":11,"column":17}},"7":{"start":{"line":13,"column":39},"end":{"line":13,"column":114}},"8":{"start":{"line":15,"column":43},"end":{"line":19,"column":93}}},"fnMap":{"0":{"name":"_defineProperty","decl":{"start":{"line":1,"column":126},"end":{"line":1,"column":141}},"loc":{"start":{"line":1,"column":159},"end":{"line":1,"column":319}},"line":1},"1":{"name":"(anonymous_1)","decl":{"start":{"line":16,"column":21},"end":{"line":16,"column":22}},"loc":{"start":{"line":16,"column":63},"end":{"line":16,"column":78}},"line":16},"2":{"name":"(anonymous_2)","decl":{"start":{"line":17,"column":22},"end":{"line":17,"column":23}},"loc":{"start":{"line":17,"column":64},"end":{"line":17,"column":79}},"line":17},"3":{"name":"(anonymous_3)","decl":{"start":{"line":18,"column":20},"end":{"line":18,"column":21}},"loc":{"start":{"line":18,"column":62},"end":{"line":18,"column":77}},"line":18},"4":{"name":"(anonymous_4)","decl":{"start":{"line":19,"column":21},"end":{"line":19,"column":22}},"loc":{"start":{"line":19,"column":63},"end":{"line":19,"column":78}},"line":19}},"branchMap":{"0":{"loc":{"start":{"line":1,"column":160},"end":{"line":1,"column":307}},"type":"if","locations":[{"start":{"line":1,"column":160},"end":{"line":1,"column":307}},{"start":{"line":1,"column":160},"end":{"line":1,"column":307}}],"line":1}},"s":{"0":5,"1":20,"2":0,"3":20,"4":20,"5":5,"6":5,"7":5,"8":5},"f":{"0":20,"1":4,"2":5,"3":4,"4":3},"b":{"0":[0,20]},"_coverageSchema":"332fd63041d2c1bcb487cc26dd0d5f7d97098a6c","hash":"7b03dd6ef305ed817fcce80c4ce6b3de46bf521c"}
,"/Users/zivp/WebstormProjects/Calc/src/index.js": {"path":"/Users/zivp/WebstormProjects/Calc/src/index.js","statementMap":{"0":{"start":{"line":2,"column":235},"end":{"line":2,"column":289}},"1":{"start":{"line":4,"column":0},"end":{"line":4,"column":99}}},"fnMap":{"0":{"name":"_interopRequireDefault","decl":{"start":{"line":2,"column":206},"end":{"line":2,"column":228}},"loc":{"start":{"line":2,"column":234},"end":{"line":2,"column":290}},"line":2}},"branchMap":{"0":{"loc":{"start":{"line":2,"column":242},"end":{"line":2,"column":288}},"type":"cond-expr","locations":[{"start":{"line":2,"column":266},"end":{"line":2,"column":269}},{"start":{"line":2,"column":272},"end":{"line":2,"column":288}}],"line":2},"1":{"loc":{"start":{"line":2,"column":242},"end":{"line":2,"column":263}},"type":"binary-expr","locations":[{"start":{"line":2,"column":242},"end":{"line":2,"column":245}},{"start":{"line":2,"column":249},"end":{"line":2,"column":263}}],"line":2}},"s":{"0":0,"1":0},"f":{"0":0},"b":{"0":[0,0],"1":[0,0]}}
,"/Users/zivp/WebstormProjects/Calc/src/staticMethods.js": {"path":"/Users/zivp/WebstormProjects/Calc/src/staticMethods.js","statementMap":{"0":{"start":{"line":1,"column":39},"end":{"line":1,"column":101}},"1":{"start":{"line":1,"column":101},"end":{"line":1,"column":165}},"2":{"start":{"line":5,"column":42},"end":{"line":9,"column":1}},"3":{"start":{"line":6,"column":4},"end":{"line":7,"column":41}},"4":{"start":{"line":7,"column":4},"end":{"line":7,"column":41}},"5":{"start":{"line":8,"column":4},"end":{"line":8,"column":110}},"6":{"start":{"line":11,"column":56},"end":{"line":17,"column":1}},"7":{"start":{"line":12,"column":21},"end":{"line":12,"column":50}},"8":{"start":{"line":13,"column":22},"end":{"line":13,"column":112}},"9":{"start":{"line":14,"column":4},"end":{"line":14,"column":51}},"10":{"start":{"line":15,"column":4},"end":{"line":15,"column":40}},"11":{"start":{"line":16,"column":4},"end":{"line":16,"column":23}}},"fnMap":{"0":{"name":"calculate","decl":{"start":{"line":5,"column":71},"end":{"line":5,"column":80}},"loc":{"start":{"line":5,"column":103},"end":{"line":9,"column":1}},"line":5},"1":{"name":"createDisplayAndHandler","decl":{"start":{"line":11,"column":99},"end":{"line":11,"column":122}},"loc":{"start":{"line":11,"column":136},"end":{"line":17,"column":1}},"line":11}},"branchMap":{"0":{"loc":{"start":{"line":6,"column":4},"end":{"line":7,"column":41}},"type":"if","locations":[{"start":{"line":6,"column":4},"end":{"line":7,"column":41}},{"start":{"line":6,"column":4},"end":{"line":7,"column":41}}],"line":6}},"s":{"0":4,"1":4,"2":4,"3":17,"4":1,"5":16,"6":4,"7":1,"8":1,"9":1,"10":1,"11":1},"f":{"0":17,"1":1},"b":{"0":[1,16]},"_coverageSchema":"332fd63041d2c1bcb487cc26dd0d5f7d97098a6c","hash":"9ce1922719eb30de2735a70f423a7cc0a988f8f1"}
}
