{"/Users/zivp/WebstormProjects/Calc/src/calcHandler.js": {"path":"/Users/zivp/WebstormProjects/Calc/src/calcHandler.js","statementMap":{"0":{"start":{"line":1,"column":39},"end":{"line":1,"column":101}},"1":{"start":{"line":1,"column":120},"end":{"line":1,"column":649}},"2":{"start":{"line":1,"column":175},"end":{"line":1,"column":440}},"3":{"start":{"line":1,"column":232},"end":{"line":1,"column":240}},"4":{"start":{"line":1,"column":241},"end":{"line":1,"column":296}},"5":{"start":{"line":1,"column":296},"end":{"line":1,"column":327}},"6":{"start":{"line":1,"column":327},"end":{"line":1,"column":381}},"7":{"start":{"line":1,"column":354},"end":{"line":1,"column":381}},"8":{"start":{"line":1,"column":381},"end":{"line":1,"column":439}},"9":{"start":{"line":1,"column":441},"end":{"line":1,"column":646}},"10":{"start":{"line":1,"column":497},"end":{"line":1,"column":565}},"11":{"start":{"line":1,"column":513},"end":{"line":1,"column":565}},"12":{"start":{"line":1,"column":565},"end":{"line":1,"column":625}},"13":{"start":{"line":1,"column":582},"end":{"line":1,"column":625}},"14":{"start":{"line":1,"column":625},"end":{"line":1,"column":644}},"15":{"start":{"line":4,"column":14},"end":{"line":99,"column":36}},"16":{"start":{"line":7,"column":8},"end":{"line":7,"column":51}},"17":{"start":{"line":8,"column":8},"end":{"line":8,"column":26}},"18":{"start":{"line":9,"column":8},"end":{"line":9,"column":30}},"19":{"start":{"line":10,"column":5},"end":{"line":99,"column":14}},"20":{"start":{"line":13,"column":12},"end":{"line":24,"column":56}},"21":{"start":{"line":15,"column":20},"end":{"line":15,"column":40}},"22":{"start":{"line":16,"column":20},"end":{"line":16,"column":26}},"23":{"start":{"line":18,"column":20},"end":{"line":18,"column":38}},"24":{"start":{"line":19,"column":20},"end":{"line":19,"column":26}},"25":{"start":{"line":21,"column":20},"end":{"line":21,"column":41}},"26":{"start":{"line":22,"column":20},"end":{"line":22,"column":26}},"27":{"start":{"line":24,"column":20},"end":{"line":24,"column":55}},"28":{"start":{"line":26,"column":12},"end":{"line":26,"column":34}},"29":{"start":{"line":30,"column":12},"end":{"line":31,"column":46}},"30":{"start":{"line":31,"column":12},"end":{"line":31,"column":46}},"31":{"start":{"line":32,"column":12},"end":{"line":34,"column":58}},"32":{"start":{"line":33,"column":12},"end":{"line":33,"column":35}},"33":{"start":{"line":34,"column":12},"end":{"line":34,"column":58}},"34":{"start":{"line":35,"column":12},"end":{"line":35,"column":34}},"35":{"start":{"line":39,"column":12},"end":{"line":43,"column":35}},"36":{"start":{"line":40,"column":12},"end":{"line":40,"column":49}},"37":{"start":{"line":41,"column":12},"end":{"line":43,"column":35}},"38":{"start":{"line":42,"column":12},"end":{"line":42,"column":32}},"39":{"start":{"line":43,"column":12},"end":{"line":43,"column":35}},"40":{"start":{"line":44,"column":12},"end":{"line":44,"column":34}},"41":{"start":{"line":48,"column":12},"end":{"line":48,"column":32}},"42":{"start":{"line":49,"column":12},"end":{"line":49,"column":112}},"43":{"start":{"line":53,"column":12},"end":{"line":53,"column":33}},"44":{"start":{"line":54,"column":12},"end":{"line":54,"column":31}},"45":{"start":{"line":58,"column":12},"end":{"line":58,"column":33}},"46":{"start":{"line":62,"column":12},"end":{"line":65,"column":13}},"47":{"start":{"line":63,"column":16},"end":{"line":63,"column":45}},"48":{"start":{"line":64,"column":16},"end":{"line":64,"column":23}},"49":{"start":{"line":66,"column":12},"end":{"line":67,"column":182}},"50":{"start":{"line":67,"column":12},"end":{"line":67,"column":182}},"51":{"start":{"line":68,"column":12},"end":{"line":68,"column":33}},"52":{"start":{"line":69,"column":12},"end":{"line":69,"column":33}},"53":{"start":{"line":70,"column":12},"end":{"line":73,"column":13}},"54":{"start":{"line":71,"column":16},"end":{"line":71,"column":66}},"55":{"start":{"line":72,"column":16},"end":{"line":72,"column":34}},"56":{"start":{"line":77,"column":12},"end":{"line":78,"column":42}},"57":{"start":{"line":78,"column":12},"end":{"line":78,"column":42}},"58":{"start":{"line":79,"column":12},"end":{"line":79,"column":33}},"59":{"start":{"line":80,"column":12},"end":{"line":80,"column":34}},"60":{"start":{"line":84,"column":12},"end":{"line":84,"column":33}},"61":{"start":{"line":85,"column":12},"end":{"line":85,"column":30}},"62":{"start":{"line":86,"column":12},"end":{"line":86,"column":112}},"63":{"start":{"line":90,"column":29},"end":{"line":90,"column":83}},"64":{"start":{"line":91,"column":12},"end":{"line":93,"column":58}},"65":{"start":{"line":92,"column":12},"end":{"line":92,"column":43}},"66":{"start":{"line":93,"column":12},"end":{"line":93,"column":58}},"67":{"start":{"line":97,"column":12},"end":{"line":97,"column":50}},"68":{"start":{"line":98,"column":12},"end":{"line":98,"column":123}},"69":{"start":{"line":99,"column":14},"end":{"line":99,"column":33}}},"fnMap":{"0":{"name":"(anonymous_0)","decl":{"start":{"line":1,"column":120},"end":{"line":1,"column":121}},"loc":{"start":{"line":1,"column":132},"end":{"line":1,"column":647}},"line":1},"1":{"name":"defineProperties","decl":{"start":{"line":1,"column":142},"end":{"line":1,"column":158}},"loc":{"start":{"line":1,"column":174},"end":{"line":1,"column":441}},"line":1},"2":{"name":"(anonymous_2)","decl":{"start":{"line":1,"column":448},"end":{"line":1,"column":449}},"loc":{"start":{"line":1,"column":496},"end":{"line":1,"column":645}},"line":1},"3":{"name":"(anonymous_3)","decl":{"start":{"line":4,"column":14},"end":{"line":4,"column":15}},"loc":{"start":{"line":4,"column":26},"end":{"line":99,"column":34}},"line":4},"4":{"name":"CalcHandler","decl":{"start":{"line":6,"column":39},"end":{"line":6,"column":50}},"loc":{"start":{"line":6,"column":70},"end":{"line":10,"column":5}},"line":6},"5":{"name":"actionListener","decl":{"start":{"line":10,"column":73},"end":{"line":10,"column":87}},"loc":{"start":{"line":12,"column":16},"end":{"line":27,"column":9}},"line":12},"6":{"name":"digitsListener","decl":{"start":{"line":27,"column":54},"end":{"line":27,"column":68}},"loc":{"start":{"line":29,"column":15},"end":{"line":36,"column":9}},"line":29},"7":{"name":"opsListener","decl":{"start":{"line":36,"column":51},"end":{"line":36,"column":62}},"loc":{"start":{"line":38,"column":12},"end":{"line":45,"column":9}},"line":38},"8":{"name":"_opsNewMinus","decl":{"start":{"line":45,"column":52},"end":{"line":45,"column":64}},"loc":{"start":{"line":47,"column":8},"end":{"line":50,"column":9}},"line":47},"9":{"name":"_opsCalculate","decl":{"start":{"line":50,"column":53},"end":{"line":50,"column":66}},"loc":{"start":{"line":52,"column":12},"end":{"line":55,"column":9}},"line":52},"10":{"name":"_clearAction","decl":{"start":{"line":55,"column":52},"end":{"line":55,"column":64}},"loc":{"start":{"line":57,"column":8},"end":{"line":59,"column":9}},"line":57},"11":{"name":"_equalsAction","decl":{"start":{"line":59,"column":53},"end":{"line":59,"column":66}},"loc":{"start":{"line":61,"column":8},"end":{"line":74,"column":9}},"line":61},"12":{"name":"_equalsWithNoOperator","decl":{"start":{"line":74,"column":61},"end":{"line":74,"column":82}},"loc":{"start":{"line":76,"column":8},"end":{"line":81,"column":9}},"line":76},"13":{"name":"_resetCalc","decl":{"start":{"line":81,"column":50},"end":{"line":81,"column":60}},"loc":{"start":{"line":83,"column":8},"end":{"line":87,"column":9}},"line":83},"14":{"name":"_updateDisplay","decl":{"start":{"line":87,"column":54},"end":{"line":87,"column":68}},"loc":{"start":{"line":89,"column":8},"end":{"line":94,"column":9}},"line":89},"15":{"name":"_flashDisplay","decl":{"start":{"line":94,"column":53},"end":{"line":94,"column":66}},"loc":{"start":{"line":96,"column":20},"end":{"line":99,"column":9}},"line":96},"16":{"name":"(anonymous_16)","decl":{"start":{"line":98,"column":23},"end":{"line":98,"column":24}},"loc":{"start":{"line":98,"column":61},"end":{"line":98,"column":117}},"line":98}},"branchMap":{"0":{"loc":{"start":{"line":1,"column":265},"end":{"line":1,"column":295}},"type":"binary-expr","locations":[{"start":{"line":1,"column":265},"end":{"line":1,"column":286}},{"start":{"line":1,"column":290},"end":{"line":1,"column":295}}],"line":1},"1":{"loc":{"start":{"line":1,"column":327},"end":{"line":1,"column":381}},"type":"if","locations":[{"start":{"line":1,"column":327},"end":{"line":1,"column":381}},{"start":{"line":1,"column":327},"end":{"line":1,"column":381}}],"line":1},"2":{"loc":{"start":{"line":1,"column":497},"end":{"line":1,"column":565}},"type":"if","locations":[{"start":{"line":1,"column":497},"end":{"line":1,"column":565}},{"start":{"line":1,"column":497},"end":{"line":1,"column":565}}],"line":1},"3":{"loc":{"start":{"line":1,"column":565},"end":{"line":1,"column":625}},"type":"if","locations":[{"start":{"line":1,"column":565},"end":{"line":1,"column":625}},{"start":{"line":1,"column":565},"end":{"line":1,"column":625}}],"line":1},"4":{"loc":{"start":{"line":13,"column":12},"end":{"line":24,"column":56}},"type":"switch","locations":[{"start":{"line":14,"column":16},"end":{"line":16,"column":26}},{"start":{"line":17,"column":16},"end":{"line":19,"column":26}},{"start":{"line":20,"column":16},"end":{"line":22,"column":26}},{"start":{"line":23,"column":16},"end":{"line":24,"column":55}}],"line":13},"5":{"loc":{"start":{"line":30,"column":12},"end":{"line":31,"column":46}},"type":"if","locations":[{"start":{"line":30,"column":12},"end":{"line":31,"column":46}},{"start":{"line":30,"column":12},"end":{"line":31,"column":46}}],"line":30},"6":{"loc":{"start":{"line":30,"column":16},"end":{"line":30,"column":42}},"type":"binary-expr","locations":[{"start":{"line":30,"column":16},"end":{"line":30,"column":27}},{"start":{"line":30,"column":31},"end":{"line":30,"column":42}}],"line":30},"7":{"loc":{"start":{"line":32,"column":12},"end":{"line":34,"column":58}},"type":"if","locations":[{"start":{"line":32,"column":12},"end":{"line":34,"column":58}},{"start":{"line":32,"column":12},"end":{"line":34,"column":58}}],"line":32},"8":{"loc":{"start":{"line":39,"column":12},"end":{"line":43,"column":35}},"type":"if","locations":[{"start":{"line":39,"column":12},"end":{"line":43,"column":35}},{"start":{"line":39,"column":12},"end":{"line":43,"column":35}}],"line":39},"9":{"loc":{"start":{"line":41,"column":12},"end":{"line":43,"column":35}},"type":"if","locations":[{"start":{"line":41,"column":12},"end":{"line":43,"column":35}},{"start":{"line":41,"column":12},"end":{"line":43,"column":35}}],"line":41},"10":{"loc":{"start":{"line":41,"column":16},"end":{"line":41,"column":44}},"type":"binary-expr","locations":[{"start":{"line":41,"column":16},"end":{"line":41,"column":30}},{"start":{"line":41,"column":34},"end":{"line":41,"column":44}}],"line":41},"11":{"loc":{"start":{"line":62,"column":12},"end":{"line":65,"column":13}},"type":"if","locations":[{"start":{"line":62,"column":12},"end":{"line":65,"column":13}},{"start":{"line":62,"column":12},"end":{"line":65,"column":13}}],"line":62},"12":{"loc":{"start":{"line":66,"column":12},"end":{"line":67,"column":182}},"type":"if","locations":[{"start":{"line":66,"column":12},"end":{"line":67,"column":182}},{"start":{"line":66,"column":12},"end":{"line":67,"column":182}}],"line":66},"13":{"loc":{"start":{"line":70,"column":12},"end":{"line":73,"column":13}},"type":"if","locations":[{"start":{"line":70,"column":12},"end":{"line":73,"column":13}},{"start":{"line":70,"column":12},"end":{"line":73,"column":13}}],"line":70},"14":{"loc":{"start":{"line":77,"column":12},"end":{"line":78,"column":42}},"type":"if","locations":[{"start":{"line":77,"column":12},"end":{"line":78,"column":42}},{"start":{"line":77,"column":12},"end":{"line":78,"column":42}}],"line":77},"15":{"loc":{"start":{"line":90,"column":29},"end":{"line":90,"column":83}},"type":"cond-expr","locations":[{"start":{"line":90,"column":54},"end":{"line":90,"column":67}},{"start":{"line":90,"column":70},"end":{"line":90,"column":83}}],"line":90},"16":{"loc":{"start":{"line":91,"column":12},"end":{"line":93,"column":58}},"type":"if","locations":[{"start":{"line":91,"column":12},"end":{"line":93,"column":58}},{"start":{"line":91,"column":12},"end":{"line":93,"column":58}}],"line":91}},"s":{"0":3,"1":3,"2":3,"3":33,"4":33,"5":33,"6":33,"7":33,"8":33,"9":3,"10":3,"11":3,"12":3,"13":0,"14":3,"15":3,"16":20,"17":20,"18":20,"19":3,"20":8,"21":1,"22":1,"23":1,"24":1,"25":5,"26":5,"27":1,"28":7,"29":5,"30":2,"31":3,"32":2,"33":1,"34":3,"35":4,"36":1,"37":3,"38":2,"39":1,"40":3,"41":2,"42":2,"43":1,"44":1,"45":1,"46":6,"47":2,"48":2,"49":4,"50":3,"51":4,"52":4,"53":4,"54":1,"55":1,"56":2,"57":1,"58":2,"59":2,"60":22,"61":22,"62":22,"63":38,"64":38,"65":5,"66":33,"67":5,"68":5,"69":3},"f":{"0":3,"1":3,"2":3,"3":3,"4":20,"5":8,"6":5,"7":4,"8":2,"9":1,"10":1,"11":6,"12":2,"13":22,"14":38,"15":5,"16":5},"b":{"0":[33,33],"1":[33,0],"2":[3,0],"3":[0,3],"4":[1,1,5,1],"5":[2,3],"6":[5,4],"7":[2,1],"8":[1,3],"9":[2,1],"10":[3,2],"11":[2,4],"12":[3,1],"13":[1,3],"14":[1,1],"15":[7,31],"16":[5,33]},"_coverageSchema":"332fd63041d2c1bcb487cc26dd0d5f7d97098a6c","hash":"f04d8d75c146febfe0563652a10c8b8ebd4dbfd8"}
,"/Users/zivp/WebstormProjects/Calc/src/calculatorInitializer.js": {"path":"/Users/zivp/WebstormProjects/Calc/src/calculatorInitializer.js","statementMap":{"0":{"start":{"line":1,"column":39},"end":{"line":1,"column":101}},"1":{"start":{"line":1,"column":120},"end":{"line":1,"column":649}},"2":{"start":{"line":1,"column":175},"end":{"line":1,"column":440}},"3":{"start":{"line":1,"column":232},"end":{"line":1,"column":240}},"4":{"start":{"line":1,"column":241},"end":{"line":1,"column":296}},"5":{"start":{"line":1,"column":296},"end":{"line":1,"column":327}},"6":{"start":{"line":1,"column":327},"end":{"line":1,"column":381}},"7":{"start":{"line":1,"column":354},"end":{"line":1,"column":381}},"8":{"start":{"line":1,"column":381},"end":{"line":1,"column":439}},"9":{"start":{"line":1,"column":441},"end":{"line":1,"column":646}},"10":{"start":{"line":1,"column":497},"end":{"line":1,"column":565}},"11":{"start":{"line":1,"column":513},"end":{"line":1,"column":565}},"12":{"start":{"line":1,"column":565},"end":{"line":1,"column":625}},"13":{"start":{"line":1,"column":582},"end":{"line":1,"column":625}},"14":{"start":{"line":1,"column":625},"end":{"line":1,"column":644}},"15":{"start":{"line":4,"column":24},"end":{"line":94,"column":46}},"16":{"start":{"line":6,"column":110},"end":{"line":6,"column":155}},"17":{"start":{"line":7,"column":23},"end":{"line":7,"column":58}},"18":{"start":{"line":8,"column":8},"end":{"line":10,"column":11}},"19":{"start":{"line":9,"column":12},"end":{"line":9,"column":47}},"20":{"start":{"line":11,"column":5},"end":{"line":94,"column":14}},"21":{"start":{"line":14,"column":56},"end":{"line":14,"column":165}},"22":{"start":{"line":15,"column":12},"end":{"line":15,"column":61}},"23":{"start":{"line":19,"column":33},"end":{"line":19,"column":62}},"24":{"start":{"line":20,"column":12},"end":{"line":20,"column":65}},"25":{"start":{"line":22,"column":29},"end":{"line":22,"column":61}},"26":{"start":{"line":23,"column":28},"end":{"line":23,"column":59}},"27":{"start":{"line":24,"column":25},"end":{"line":24,"column":53}},"28":{"start":{"line":25,"column":12},"end":{"line":25,"column":136}},"29":{"start":{"line":26,"column":12},"end":{"line":26,"column":52}},"30":{"start":{"line":30,"column":29},"end":{"line":30,"column":58}},"31":{"start":{"line":31,"column":12},"end":{"line":31,"column":56}},"32":{"start":{"line":32,"column":12},"end":{"line":38,"column":15}},"33":{"start":{"line":33,"column":35},"end":{"line":33,"column":67}},"34":{"start":{"line":34,"column":16},"end":{"line":34,"column":163}},"35":{"start":{"line":35,"column":16},"end":{"line":35,"column":133}},"36":{"start":{"line":36,"column":16},"end":{"line":36,"column":197}},"37":{"start":{"line":37,"column":16},"end":{"line":37,"column":53}},"38":{"start":{"line":40,"column":12},"end":{"line":40,"column":30}},"39":{"start":{"line":44,"column":31},"end":{"line":44,"column":62}},"40":{"start":{"line":45,"column":12},"end":{"line":45,"column":61}},"41":{"start":{"line":46,"column":12},"end":{"line":46,"column":58}},"42":{"start":{"line":48,"column":12},"end":{"line":48,"column":62}},"43":{"start":{"line":50,"column":28},"end":{"line":50,"column":57}},"44":{"start":{"line":51,"column":12},"end":{"line":51,"column":54}},"45":{"start":{"line":52,"column":12},"end":{"line":52,"column":48}},"46":{"start":{"line":53,"column":12},"end":{"line":53,"column":29}},"47":{"start":{"line":65,"column":12},"end":{"line":76,"column":15}},"48":{"start":{"line":66,"column":27},"end":{"line":66,"column":55}},"49":{"start":{"line":67,"column":32},"end":{"line":67,"column":37}},"50":{"start":{"line":68,"column":33},"end":{"line":68,"column":65}},"51":{"start":{"line":69,"column":16},"end":{"line":69,"column":60}},"52":{"start":{"line":70,"column":16},"end":{"line":70,"column":75}},"53":{"start":{"line":71,"column":16},"end":{"line":71,"column":123}},"54":{"start":{"line":72,"column":16},"end":{"line":72,"column":45}},"55":{"start":{"line":73,"column":16},"end":{"line":73,"column":145}},"56":{"start":{"line":75,"column":16},"end":{"line":75,"column":45}},"57":{"start":{"line":80,"column":25},"end":{"line":80,"column":54}},"58":{"start":{"line":81,"column":12},"end":{"line":81,"column":48}},"59":{"start":{"line":82,"column":12},"end":{"line":82,"column":66}},"60":{"start":{"line":83,"column":12},"end":{"line":83,"column":26}},"61":{"start":{"line":87,"column":12},"end":{"line":93,"column":15}},"62":{"start":{"line":88,"column":31},"end":{"line":88,"column":63}},"63":{"start":{"line":89,"column":16},"end":{"line":89,"column":148}},"64":{"start":{"line":90,"column":16},"end":{"line":90,"column":132}},"65":{"start":{"line":91,"column":16},"end":{"line":91,"column":193}},"66":{"start":{"line":92,"column":16},"end":{"line":92,"column":48}},"67":{"start":{"line":94,"column":14},"end":{"line":94,"column":43}}},"fnMap":{"0":{"name":"(anonymous_0)","decl":{"start":{"line":1,"column":120},"end":{"line":1,"column":121}},"loc":{"start":{"line":1,"column":132},"end":{"line":1,"column":647}},"line":1},"1":{"name":"defineProperties","decl":{"start":{"line":1,"column":142},"end":{"line":1,"column":158}},"loc":{"start":{"line":1,"column":174},"end":{"line":1,"column":441}},"line":1},"2":{"name":"(anonymous_2)","decl":{"start":{"line":1,"column":448},"end":{"line":1,"column":449}},"loc":{"start":{"line":1,"column":496},"end":{"line":1,"column":645}},"line":1},"3":{"name":"(anonymous_3)","decl":{"start":{"line":4,"column":24},"end":{"line":4,"column":25}},"loc":{"start":{"line":4,"column":36},"end":{"line":94,"column":44}},"line":4},"4":{"name":"CalculatorInitializer","decl":{"start":{"line":6,"column":39},"end":{"line":6,"column":60}},"loc":{"start":{"line":6,"column":66},"end":{"line":11,"column":5}},"line":6},"5":{"name":"(anonymous_5)","decl":{"start":{"line":8,"column":25},"end":{"line":8,"column":26}},"loc":{"start":{"line":8,"column":48},"end":{"line":10,"column":9}},"line":8},"6":{"name":"_initializeCalc","decl":{"start":{"line":11,"column":84},"end":{"line":11,"column":99}},"loc":{"start":{"line":13,"column":21},"end":{"line":16,"column":9}},"line":13},"7":{"name":"_createButtonsDiv","decl":{"start":{"line":16,"column":57},"end":{"line":16,"column":74}},"loc":{"start":{"line":18,"column":34},"end":{"line":27,"column":9}},"line":18},"8":{"name":"(anonymous_8)","decl":{"start":{"line":25,"column":52},"end":{"line":25,"column":53}},"loc":{"start":{"line":25,"column":93},"end":{"line":25,"column":134}},"line":25},"9":{"name":"_createActions","decl":{"start":{"line":27,"column":54},"end":{"line":27,"column":68}},"loc":{"start":{"line":29,"column":21},"end":{"line":41,"column":9}},"line":29},"10":{"name":"(anonymous_10)","decl":{"start":{"line":32,"column":110},"end":{"line":32,"column":111}},"loc":{"start":{"line":32,"column":125},"end":{"line":38,"column":13}},"line":32},"11":{"name":"(anonymous_11)","decl":{"start":{"line":36,"column":39},"end":{"line":36,"column":40}},"loc":{"start":{"line":36,"column":77},"end":{"line":36,"column":196}},"line":36},"12":{"name":"_createDigits","decl":{"start":{"line":41,"column":53},"end":{"line":41,"column":66}},"loc":{"start":{"line":43,"column":21},"end":{"line":54,"column":9}},"line":43},"13":{"name":"_createDigitTable","decl":{"start":{"line":54,"column":57},"end":{"line":54,"column":74}},"loc":{"start":{"line":56,"column":35},"end":{"line":62,"column":9}},"line":56},"14":{"name":"_createDigitTableRow","decl":{"start":{"line":62,"column":60},"end":{"line":62,"column":80}},"loc":{"start":{"line":64,"column":48},"end":{"line":77,"column":9}},"line":64},"15":{"name":"(anonymous_15)","decl":{"start":{"line":65,"column":34},"end":{"line":65,"column":35}},"loc":{"start":{"line":65,"column":51},"end":{"line":76,"column":13}},"line":65},"16":{"name":"(anonymous_16)","decl":{"start":{"line":71,"column":37},"end":{"line":71,"column":38}},"loc":{"start":{"line":71,"column":75},"end":{"line":71,"column":122}},"line":71},"17":{"name":"_createOps","decl":{"start":{"line":77,"column":50},"end":{"line":77,"column":60}},"loc":{"start":{"line":79,"column":21},"end":{"line":84,"column":9}},"line":79},"18":{"name":"_appendArithmeticOperations","decl":{"start":{"line":84,"column":67},"end":{"line":84,"column":94}},"loc":{"start":{"line":86,"column":32},"end":{"line":94,"column":9}},"line":86},"19":{"name":"(anonymous_19)","decl":{"start":{"line":87,"column":113},"end":{"line":87,"column":114}},"loc":{"start":{"line":87,"column":128},"end":{"line":93,"column":13}},"line":87},"20":{"name":"(anonymous_20)","decl":{"start":{"line":91,"column":35},"end":{"line":91,"column":36}},"loc":{"start":{"line":91,"column":73},"end":{"line":91,"column":192}},"line":91}},"branchMap":{"0":{"loc":{"start":{"line":1,"column":265},"end":{"line":1,"column":295}},"type":"binary-expr","locations":[{"start":{"line":1,"column":265},"end":{"line":1,"column":286}},{"start":{"line":1,"column":290},"end":{"line":1,"column":295}}],"line":1},"1":{"loc":{"start":{"line":1,"column":327},"end":{"line":1,"column":381}},"type":"if","locations":[{"start":{"line":1,"column":327},"end":{"line":1,"column":381}},{"start":{"line":1,"column":327},"end":{"line":1,"column":381}}],"line":1},"2":{"loc":{"start":{"line":1,"column":497},"end":{"line":1,"column":565}},"type":"if","locations":[{"start":{"line":1,"column":497},"end":{"line":1,"column":565}},{"start":{"line":1,"column":497},"end":{"line":1,"column":565}}],"line":1},"3":{"loc":{"start":{"line":1,"column":565},"end":{"line":1,"column":625}},"type":"if","locations":[{"start":{"line":1,"column":565},"end":{"line":1,"column":625}},{"start":{"line":1,"column":565},"end":{"line":1,"column":625}}],"line":1}},"s":{"0":1,"1":1,"2":1,"3":8,"4":8,"5":8,"6":8,"7":8,"8":8,"9":1,"10":1,"11":1,"12":1,"13":0,"14":1,"15":1,"16":1,"17":1,"18":1,"19":3,"20":1,"21":1,"22":1,"23":1,"24":1,"25":1,"26":1,"27":1,"28":1,"29":1,"30":2,"31":2,"32":2,"33":6,"34":6,"35":6,"36":6,"37":6,"38":2,"39":2,"40":2,"41":2,"42":2,"43":2,"44":2,"45":2,"46":2,"47":13,"48":33,"49":33,"50":33,"51":33,"52":33,"53":33,"54":33,"55":33,"56":33,"57":2,"58":2,"59":2,"60":2,"61":3,"62":12,"63":12,"64":12,"65":12,"66":12,"67":1},"f":{"0":1,"1":1,"2":1,"3":1,"4":1,"5":3,"6":1,"7":1,"8":3,"9":2,"10":6,"11":3,"12":2,"13":3,"14":13,"15":33,"16":3,"17":2,"18":3,"19":12,"20":4},"b":{"0":[8,8],"1":[8,0],"2":[1,0],"3":[0,1]},"_coverageSchema":"332fd63041d2c1bcb487cc26dd0d5f7d97098a6c","hash":"e11ca5ae7d852d37914d4f6de0f5c826fdb6f344"}
,"/Users/zivp/WebstormProjects/Calc/src/constants.js": {"path":"/Users/zivp/WebstormProjects/Calc/src/constants.js","statementMap":{"0":{"start":{"line":1,"column":39},"end":{"line":1,"column":101}},"1":{"start":{"line":1,"column":160},"end":{"line":1,"column":307}},"2":{"start":{"line":1,"column":177},"end":{"line":1,"column":281}},"3":{"start":{"line":1,"column":289},"end":{"line":1,"column":306}},"4":{"start":{"line":1,"column":307},"end":{"line":1,"column":318}},"5":{"start":{"line":1,"column":366},"end":{"line":5,"column":15}},"6":{"start":{"line":8,"column":44},"end":{"line":11,"column":17}},"7":{"start":{"line":13,"column":39},"end":{"line":13,"column":114}},"8":{"start":{"line":15,"column":43},"end":{"line":19,"column":93}},"9":{"start":{"line":22,"column":44},"end":{"line":22,"column":67}}},"fnMap":{"0":{"name":"_defineProperty","decl":{"start":{"line":1,"column":126},"end":{"line":1,"column":141}},"loc":{"start":{"line":1,"column":159},"end":{"line":1,"column":319}},"line":1},"1":{"name":"(anonymous_1)","decl":{"start":{"line":16,"column":21},"end":{"line":16,"column":22}},"loc":{"start":{"line":16,"column":63},"end":{"line":16,"column":78}},"line":16},"2":{"name":"(anonymous_2)","decl":{"start":{"line":17,"column":22},"end":{"line":17,"column":23}},"loc":{"start":{"line":17,"column":64},"end":{"line":17,"column":79}},"line":17},"3":{"name":"(anonymous_3)","decl":{"start":{"line":18,"column":20},"end":{"line":18,"column":21}},"loc":{"start":{"line":18,"column":62},"end":{"line":18,"column":77}},"line":18},"4":{"name":"(anonymous_4)","decl":{"start":{"line":19,"column":21},"end":{"line":19,"column":22}},"loc":{"start":{"line":19,"column":63},"end":{"line":19,"column":78}},"line":19}},"branchMap":{"0":{"loc":{"start":{"line":1,"column":160},"end":{"line":1,"column":307}},"type":"if","locations":[{"start":{"line":1,"column":160},"end":{"line":1,"column":307}},{"start":{"line":1,"column":160},"end":{"line":1,"column":307}}],"line":1}},"s":{"0":5,"1":20,"2":0,"3":20,"4":20,"5":5,"6":5,"7":5,"8":5,"9":5},"f":{"0":20,"1":3,"2":6,"3":5,"4":3},"b":{"0":[0,20]},"_coverageSchema":"332fd63041d2c1bcb487cc26dd0d5f7d97098a6c","hash":"d47d6337ca3bd5f0b674cb96009524a7f47528dd"}
,"/Users/zivp/WebstormProjects/Calc/src/index.js": {"path":"/Users/zivp/WebstormProjects/Calc/src/index.js","statementMap":{"0":{"start":{"line":2,"column":235},"end":{"line":2,"column":289}},"1":{"start":{"line":4,"column":0},"end":{"line":4,"column":99}}},"fnMap":{"0":{"name":"_interopRequireDefault","decl":{"start":{"line":2,"column":206},"end":{"line":2,"column":228}},"loc":{"start":{"line":2,"column":234},"end":{"line":2,"column":290}},"line":2}},"branchMap":{"0":{"loc":{"start":{"line":2,"column":242},"end":{"line":2,"column":288}},"type":"cond-expr","locations":[{"start":{"line":2,"column":266},"end":{"line":2,"column":269}},{"start":{"line":2,"column":272},"end":{"line":2,"column":288}}],"line":2},"1":{"loc":{"start":{"line":2,"column":242},"end":{"line":2,"column":263}},"type":"binary-expr","locations":[{"start":{"line":2,"column":242},"end":{"line":2,"column":245}},{"start":{"line":2,"column":249},"end":{"line":2,"column":263}}],"line":2}},"s":{"0":0,"1":0},"f":{"0":0},"b":{"0":[0,0],"1":[0,0]}}
,"/Users/zivp/WebstormProjects/Calc/src/staticMethods.js": {"path":"/Users/zivp/WebstormProjects/Calc/src/staticMethods.js","statementMap":{"0":{"start":{"line":1,"column":39},"end":{"line":1,"column":101}},"1":{"start":{"line":1,"column":101},"end":{"line":1,"column":165}},"2":{"start":{"line":5,"column":56},"end":{"line":11,"column":1}},"3":{"start":{"line":6,"column":21},"end":{"line":6,"column":50}},"4":{"start":{"line":7,"column":22},"end":{"line":7,"column":112}},"5":{"start":{"line":8,"column":4},"end":{"line":8,"column":51}},"6":{"start":{"line":9,"column":4},"end":{"line":9,"column":40}},"7":{"start":{"line":10,"column":4},"end":{"line":10,"column":23}},"8":{"start":{"line":13,"column":42},"end":{"line":17,"column":1}},"9":{"start":{"line":14,"column":4},"end":{"line":15,"column":41}},"10":{"start":{"line":15,"column":4},"end":{"line":15,"column":41}},"11":{"start":{"line":16,"column":4},"end":{"line":16,"column":110}}},"fnMap":{"0":{"name":"createDisplayAndHandler","decl":{"start":{"line":5,"column":99},"end":{"line":5,"column":122}},"loc":{"start":{"line":5,"column":136},"end":{"line":11,"column":1}},"line":5},"1":{"name":"calculate","decl":{"start":{"line":13,"column":71},"end":{"line":13,"column":80}},"loc":{"start":{"line":13,"column":103},"end":{"line":17,"column":1}},"line":13}},"branchMap":{"0":{"loc":{"start":{"line":14,"column":4},"end":{"line":15,"column":41}},"type":"if","locations":[{"start":{"line":14,"column":4},"end":{"line":15,"column":41}},{"start":{"line":14,"column":4},"end":{"line":15,"column":41}}],"line":14}},"s":{"0":4,"1":4,"2":4,"3":1,"4":1,"5":1,"6":1,"7":1,"8":4,"9":18,"10":1,"11":17},"f":{"0":1,"1":18},"b":{"0":[1,17]},"_coverageSchema":"332fd63041d2c1bcb487cc26dd0d5f7d97098a6c","hash":"6d2755f5899ce4a878d680c27a6303aaa9b0a81a"}
}
