TN:
SF:/Users/zivp/WebstormProjects/Calc/src/calcHandler.js
FN:1,(anonymous_0)
FN:1,defineProperties
FN:1,(anonymous_2)
FN:4,(anonymous_3)
FN:6,CalcHandler
FN:10,actionListener
FN:29,digitsListener
FN:40,opsListener
FN:58,_clearAction
FN:62,_equalsAction
FN:77,_equalsWithNoOperator
FN:84,_resetCalc
FN:91,_updateDisplay
FN:98,_flashDisplay
FN:102,(anonymous_14)
FNF:15
FNH:15
FNDA:3,(anonymous_0)
FNDA:3,defineProperties
FNDA:3,(anonymous_2)
FNDA:3,(anonymous_3)
FNDA:20,CalcHandler
FNDA:8,actionListener
FNDA:5,digitsListener
FNDA:4,opsListener
FNDA:1,_clearAction
FNDA:6,_equalsAction
FNDA:2,_equalsWithNoOperator
FNDA:22,_resetCalc
FNDA:38,_updateDisplay
FNDA:25,_flashDisplay
FNDA:25,(anonymous_14)
DA:1,27
DA:4,3
DA:7,20
DA:8,20
DA:9,20
DA:10,3
DA:13,8
DA:15,1
DA:16,1
DA:18,1
DA:19,1
DA:21,5
DA:22,5
DA:23,5
DA:25,1
DA:27,7
DA:28,7
DA:32,5
DA:33,2
DA:34,3
DA:35,2
DA:36,1
DA:37,3
DA:38,3
DA:39,3
DA:43,4
DA:44,1
DA:45,3
DA:46,1
DA:47,2
DA:48,1
DA:49,1
DA:52,1
DA:53,1
DA:55,3
DA:56,3
DA:57,3
DA:61,1
DA:65,6
DA:66,2
DA:67,2
DA:69,4
DA:70,3
DA:71,4
DA:72,4
DA:73,4
DA:74,1
DA:75,1
DA:80,2
DA:81,1
DA:82,2
DA:83,2
DA:87,22
DA:88,22
DA:89,22
DA:90,22
DA:94,38
DA:95,38
DA:96,25
DA:97,13
DA:101,25
DA:102,25
DA:103,25
DA:106,3
LF:64
LH:64
BRDA:1,0,0,27
BRDA:1,0,1,27
BRDA:1,1,0,27
BRDA:1,1,1,0
BRDA:1,2,0,3
BRDA:1,2,1,0
BRDA:1,3,0,0
BRDA:1,3,1,3
BRDA:13,4,0,1
BRDA:13,4,1,1
BRDA:13,4,2,5
BRDA:13,4,3,1
BRDA:32,5,0,2
BRDA:32,5,1,3
BRDA:32,6,0,5
BRDA:32,6,1,4
BRDA:34,7,0,2
BRDA:34,7,1,1
BRDA:43,8,0,1
BRDA:43,8,1,3
BRDA:45,9,0,1
BRDA:45,9,1,2
BRDA:47,10,0,1
BRDA:47,10,1,1
BRDA:47,11,0,2
BRDA:47,11,1,1
BRDA:65,12,0,2
BRDA:65,12,1,4
BRDA:69,13,0,3
BRDA:69,13,1,1
BRDA:73,14,0,1
BRDA:73,14,1,3
BRDA:80,15,0,1
BRDA:80,15,1,1
BRDA:94,16,0,7
BRDA:94,16,1,31
BRDA:95,17,0,25
BRDA:95,17,1,13
BRDA:95,18,0,38
BRDA:95,18,1,13
BRF:40
BRH:37
end_of_record
TN:
SF:/Users/zivp/WebstormProjects/Calc/src/calculatorInitializer.js
FN:1,(anonymous_0)
FN:1,defineProperties
FN:1,(anonymous_2)
FN:4,(anonymous_3)
FN:6,CalculatorInitializer
FN:8,(anonymous_5)
FN:11,_initializeCalc
FN:16,_createButtonsDiv
FN:25,(anonymous_8)
FN:27,_createActions
FN:32,(anonymous_10)
FN:36,(anonymous_11)
FN:43,_createDigits
FN:56,_createDigitTable
FN:64,_createDigitTableRow
FN:82,_createOps
FN:89,_appendArithmeticOperations
FN:92,(anonymous_17)
FN:96,(anonymous_18)
FNF:19
FNH:19
FNDA:1,(anonymous_0)
FNDA:1,defineProperties
FNDA:1,(anonymous_2)
FNDA:1,(anonymous_3)
FNDA:1,CalculatorInitializer
FNDA:3,(anonymous_5)
FNDA:1,_initializeCalc
FNDA:1,_createButtonsDiv
FNDA:3,(anonymous_8)
FNDA:2,_createActions
FNDA:6,(anonymous_10)
FNDA:3,(anonymous_11)
FNDA:2,_createDigits
FNDA:3,_createDigitTable
FNDA:13,_createDigitTableRow
FNDA:2,_createOps
FNDA:3,_appendArithmeticOperations
FNDA:12,(anonymous_17)
FNDA:4,(anonymous_18)
DA:1,8
DA:4,1
DA:6,1
DA:7,1
DA:8,1
DA:9,3
DA:11,1
DA:14,1
DA:15,1
DA:19,1
DA:20,1
DA:22,1
DA:23,1
DA:24,1
DA:25,1
DA:26,1
DA:30,2
DA:31,2
DA:32,2
DA:33,6
DA:34,6
DA:35,6
DA:36,6
DA:37,3
DA:39,6
DA:42,2
DA:46,2
DA:47,2
DA:48,2
DA:50,2
DA:52,2
DA:53,2
DA:54,2
DA:55,2
DA:59,3
DA:60,12
DA:61,12
DA:62,12
DA:80,13
DA:85,2
DA:86,2
DA:87,2
DA:88,2
DA:92,3
DA:93,12
DA:94,12
DA:95,12
DA:96,12
DA:97,4
DA:99,12
DA:101,1
LF:51
LH:51
BRDA:1,0,0,8
BRDA:1,0,1,8
BRDA:1,1,0,8
BRDA:1,1,1,0
BRDA:1,2,0,1
BRDA:1,2,1,0
BRDA:1,3,0,0
BRDA:1,3,1,1
BRF:8
BRH:5
end_of_record
TN:
SF:/Users/zivp/WebstormProjects/Calc/src/constants.js
FN:1,_defineProperty
FN:16,(anonymous_1)
FN:17,(anonymous_2)
FN:18,(anonymous_3)
FN:19,(anonymous_4)
FNF:5
FNH:5
FNDA:20,_defineProperty
FNDA:3,(anonymous_1)
FNDA:6,(anonymous_2)
FNDA:5,(anonymous_3)
FNDA:3,(anonymous_4)
DA:1,20
DA:8,5
DA:13,5
DA:15,5
LF:4
LH:4
BRDA:1,0,0,0
BRDA:1,0,1,20
BRF:2
BRH:1
end_of_record
TN:
SF:/Users/zivp/WebstormProjects/Calc/src/index.js
FN:2,_interopRequireDefault
FNF:1
FNH:0
FNDA:0,_interopRequireDefault
DA:2,0
DA:4,0
LF:2
LH:0
BRDA:2,0,0,0
BRDA:2,0,1,0
BRDA:2,1,0,0
BRDA:2,1,1,0
BRF:4
BRH:0
end_of_record
TN:
SF:/Users/zivp/WebstormProjects/Calc/src/staticMethods.js
FN:5,calculate
FN:11,createDisplayAndHandler
FNF:2
FNH:2
FNDA:18,calculate
FNDA:1,createDisplayAndHandler
DA:1,4
DA:5,4
DA:6,18
DA:7,1
DA:8,17
DA:11,4
DA:12,1
DA:13,1
DA:14,1
DA:15,1
DA:16,1
LF:11
LH:11
BRDA:6,0,0,1
BRDA:6,0,1,17
BRF:2
BRH:2
end_of_record
