TN:
SF:/Users/zivp/WebstormProjects/Calc/src/calcHandler.js
FN:1,(anonymous_0)
FN:1,defineProperties
FN:1,(anonymous_2)
FNF:3
FNH:3
FNDA:3,(anonymous_0)
FNDA:3,defineProperties
FNDA:3,(anonymous_2)
DA:1,27
DA:2,3
LF:2
LH:2
BRDA:1,0,0,27
BRDA:1,0,1,27
BRDA:1,1,0,24
BRDA:1,1,1,3
BRDA:1,2,0,3
BRDA:1,2,1,0
BRDA:1,3,0,0
BRDA:1,3,1,3
BRF:8
BRH:6
end_of_record
TN:
SF:/Users/zivp/WebstormProjects/Calc/src/calculatorInitializer.js
FN:1,(anonymous_0)
FN:1,defineProperties
FN:1,(anonymous_2)
FN:4,(anonymous_3)
FN:6,CalculatorInitializer
FN:8,(anonymous_5)
FN:11,_initializeCalc
FN:16,_createButtonsDiv
FN:25,(anonymous_8)
FN:27,_createActions
FN:32,(anonymous_10)
FN:36,(anonymous_11)
FN:43,_createDigits
FN:56,_createDigitTable
FN:64,_createDigitTableRow
FN:82,_createOps
FN:89,_appendArithmeticOperations
FN:92,(anonymous_17)
FN:96,(anonymous_18)
FNF:19
FNH:19
FNDA:1,(anonymous_0)
FNDA:1,defineProperties
FNDA:1,(anonymous_2)
FNDA:1,(anonymous_3)
FNDA:1,CalculatorInitializer
FNDA:3,(anonymous_5)
FNDA:1,_initializeCalc
FNDA:1,_createButtonsDiv
FNDA:3,(anonymous_8)
FNDA:2,_createActions
FNDA:6,(anonymous_10)
FNDA:3,(anonymous_11)
FNDA:2,_createDigits
FNDA:3,_createDigitTable
FNDA:13,_createDigitTableRow
FNDA:2,_createOps
FNDA:3,_appendArithmeticOperations
FNDA:12,(anonymous_17)
FNDA:4,(anonymous_18)
DA:1,8
DA:4,1
DA:6,1
DA:7,1
DA:8,1
DA:9,3
DA:11,1
DA:14,1
DA:15,1
DA:19,1
DA:20,1
DA:22,1
DA:23,1
DA:24,1
DA:25,1
DA:26,1
DA:30,2
DA:31,2
DA:32,2
DA:33,6
DA:34,6
DA:35,6
DA:36,6
DA:37,3
DA:39,6
DA:42,2
DA:46,2
DA:47,2
DA:48,2
DA:50,2
DA:52,2
DA:53,2
DA:54,2
DA:55,2
DA:59,3
DA:60,12
DA:61,12
DA:62,12
DA:80,13
DA:85,2
DA:86,2
DA:87,2
DA:88,2
DA:92,3
DA:93,12
DA:94,12
DA:95,12
DA:96,12
DA:97,4
DA:99,12
DA:101,1
LF:51
LH:51
BRDA:1,0,0,8
BRDA:1,0,1,8
BRDA:1,1,0,8
BRDA:1,1,1,0
BRDA:1,2,0,1
BRDA:1,2,1,0
BRDA:1,3,0,0
BRDA:1,3,1,1
BRF:8
BRH:5
end_of_record
TN:
SF:/Users/zivp/WebstormProjects/Calc/src/constants.js
FN:1,_defineProperty
FN:16,(anonymous_1)
FN:17,(anonymous_2)
FN:18,(anonymous_3)
FN:19,(anonymous_4)
FNF:5
FNH:5
FNDA:20,_defineProperty
FNDA:4,(anonymous_1)
FNDA:5,(anonymous_2)
FNDA:4,(anonymous_3)
FNDA:3,(anonymous_4)
DA:1,20
DA:8,5
DA:13,5
DA:15,5
LF:4
LH:4
BRDA:1,0,0,0
BRDA:1,0,1,20
BRF:2
BRH:1
end_of_record
TN:
SF:/Users/zivp/WebstormProjects/Calc/src/index.js
FN:2,_interopRequireDefault
FNF:1
FNH:0
FNDA:0,_interopRequireDefault
DA:2,0
DA:4,0
LF:2
LH:0
BRDA:2,0,0,0
BRDA:2,0,1,0
BRDA:2,1,0,0
BRDA:2,1,1,0
BRF:4
BRH:0
end_of_record
TN:
SF:/Users/zivp/WebstormProjects/Calc/src/staticMethods.js
FN:5,calculate
FN:11,createDisplayAndHandler
FNF:2
FNH:2
FNDA:17,calculate
FNDA:1,createDisplayAndHandler
DA:1,4
DA:5,4
DA:6,17
DA:7,1
DA:8,16
DA:11,4
DA:12,1
DA:13,1
DA:14,1
DA:15,1
DA:16,1
LF:11
LH:11
BRDA:6,0,0,1
BRDA:6,0,1,16
BRF:2
BRH:2
end_of_record
